SF:lib/app/features/auth/controllers/login_controller.dart
DA:11,3
DA:15,1
DA:16,2
DA:18,2
DA:20,2
DA:21,2
DA:24,3
DA:26,2
DA:27,1
DA:30,1
DA:31,0
LF:11
LH:10
end_of_record
SF:lib/app/features/auth/dtos/login_dto.dart
DA:5,2
LF:1
LH:1
end_of_record
SF:lib/app/features/auth/states/login_state.dart
DA:10,0
LF:1
LH:0
end_of_record
SF:lib/app/core/failures/failure_exception.dart
DA:4,1
LF:1
LH:1
end_of_record
SF:lib/app/features/auth/datasources/remote/login_data_source_impl.dart
DA:8,1
DA:10,1
DA:12,4
DA:13,0
DA:16,2
LF:5
LH:4
end_of_record
SF:lib/app/features/auth/pages/login_page.dart
DA:10,2
DA:12,0
DA:13,0
DA:25,0
DA:26,0
DA:27,0
DA:31,0
DA:32,0
DA:33,0
DA:34,0
DA:35,0
DA:40,0
DA:41,0
DA:42,0
DA:50,0
DA:52,0
DA:53,0
DA:55,0
DA:56,0
DA:57,0
DA:58,0
DA:59,0
DA:60,0
DA:63,0
DA:64,0
DA:65,0
DA:68,0
DA:69,0
DA:70,0
DA:71,0
DA:74,0
DA:75,0
DA:76,0
DA:78,0
DA:81,0
DA:85,0
DA:87,0
DA:88,0
DA:89,0
DA:90,0
DA:96,0
DA:98,0
DA:99,0
DA:100,0
DA:101,0
DA:102,0
DA:105,0
DA:106,0
DA:107,0
DA:108,0
DA:117,0
DA:119,0
DA:120,0
DA:121,0
DA:122,0
DA:123,0
DA:124,0
DA:125,0
DA:128,0
DA:129,0
DA:144,0
DA:145,0
DA:146,0
DA:148,0
DA:150,0
DA:151,0
DA:152,0
DA:154,0
DA:156,0
DA:157,0
LF:70
LH:1
end_of_record
SF:lib/app/features/auth/pages/register_page.dart
DA:4,2
DA:6,0
DA:7,0
DA:11,0
LF:4
LH:1
end_of_record
SF:lib/app/features/auth/auth_module.dart
DA:12,2
DA:13,3
DA:18,0
DA:19,0
LF:4
LH:2
end_of_record
SF:lib/app/features/todos/controllers/todo_controller.dart
DA:7,6
DA:11,2
DA:12,4
DA:14,4
DA:16,4
DA:17,4
DA:20,4
DA:21,6
LF:8
LH:8
end_of_record
SF:lib/app/features/todos/states/todo_state.dart
DA:10,2
DA:16,2
LF:2
LH:2
end_of_record
SF:lib/app/core/guards/auth_guard.dart
DA:8,6
DA:10,0
DA:13,0
DA:16,0
DA:18,0
LF:5
LH:1
end_of_record
SF:lib/app/core/services/app_response.dart
DA:5,1
LF:1
LH:1
end_of_record
SF:lib/app/core/services/app_dio_client_impl.dart
DA:10,0
DA:16,0
DA:18,0
DA:19,0
DA:20,0
DA:22,0
DA:23,0
DA:25,0
LF:8
LH:0
end_of_record
SF:lib/app/features/todos/datasources/remote/todo_data_source_impl.dart
DA:9,1
DA:13,1
DA:15,2
DA:17,2
DA:18,1
DA:20,4
DA:22,1
DA:23,1
DA:24,2
LF:9
LH:9
end_of_record
SF:lib/app/features/todos/entities/todo_entity.dart
DA:7,3
DA:14,2
DA:15,2
DA:16,4
DA:17,4
DA:18,2
DA:19,2
LF:7
LH:7
end_of_record
SF:lib/app/features/todos/pages/todo_page.dart
DA:9,5
DA:11,1
DA:12,1
DA:18,1
DA:20,1
DA:22,2
DA:25,1
DA:27,1
DA:28,1
DA:32,1
DA:33,1
DA:34,1
DA:35,1
DA:41,1
DA:42,1
DA:43,2
DA:47,1
DA:48,1
DA:50,1
DA:51,1
DA:52,2
DA:53,1
DA:54,2
DA:56,1
DA:57,1
DA:58,1
DA:59,1
DA:60,1
DA:65,1
DA:66,1
DA:67,1
LF:31
LH:31
end_of_record
SF:lib/app/features/todos/todo_module.dart
DA:14,0
DA:15,3
DA:16,6
DA:23,0
LF:4
LH:2
end_of_record
