SF:lib/app/features/todos/controllers/todo_controller.dart
DA:7,6
DA:11,2
DA:12,4
DA:14,4
DA:16,4
DA:17,4
DA:20,4
DA:21,6
LF:8
LH:8
end_of_record
SF:lib/app/features/todos/states/todo_state.dart
DA:10,2
DA:16,2
LF:2
LH:2
end_of_record
SF:lib/app/features/todos/datasources/remote/todo_data_source_impl.dart
DA:8,1
DA:12,1
DA:14,2
DA:17,1
DA:19,4
DA:21,1
DA:23,3
LF:7
LH:7
end_of_record
SF:lib/app/features/todos/entities/todo_entity.dart
DA:7,2
DA:14,1
DA:15,1
DA:16,2
DA:17,2
DA:18,1
DA:19,1
LF:7
LH:7
end_of_record
SF:lib/app/features/todos/pages/todo_page.dart
DA:9,4
DA:11,1
DA:12,1
DA:18,1
DA:20,1
DA:22,2
DA:25,1
DA:27,1
DA:28,1
DA:32,1
DA:33,1
DA:34,1
DA:35,1
DA:41,1
DA:42,1
DA:43,2
DA:47,1
DA:48,1
DA:50,1
DA:51,1
DA:52,2
DA:53,1
DA:54,2
DA:56,1
DA:57,1
DA:58,1
DA:59,1
DA:60,1
DA:65,1
DA:66,1
DA:67,1
LF:31
LH:31
end_of_record
SF:lib/app/features/todos/todo_module.dart
DA:12,0
DA:13,3
DA:14,6
DA:19,0
LF:4
LH:2
end_of_record
